extDB2: Version: 71
extDB2: https://github.com/Torndeco/extDB2
extDB2: Windows Version
Message: All development for extDB2 is done on a Linux Dedicated Server
Message: If you would like to Donate to extDB2 Development
Message: https://www.paypal.com/cgi-bin/webscr?cmd=_s-xclick&hosted_button_id=2SUEFTGABTAM2
Message: Also leave a message if there is any particular feature you would like to see added.
Message: Thanks for all the people that have donated.
Message: Torndeco: 20/02/15


extDB2: Found extdb-conf.ini
extDB2: Detected 4 Cores, Setting up 4 Worker Threads


[13:51:41:731289 +11:00] [Thread 2784] extDB2: Database Type: MySQL
[13:51:41:785874 +11:00] [Thread 2784] extDB2: Database Session Pool Started
[13:51:41:790545 +11:00] [Thread 2784] extDB2: SQL_RAW_V2: Initialized: ADD_QUOTES True
[13:51:41:859504 +11:00] [Thread 6452] extDB2: SQL_RAW_V2: Error StatementException: MySQL: [MySQL]: [Comment]: mysql_stmt_execute error	[mysql_stmt_error]: The user specified as a definer ('altislife'@'localhost') does not exist	[mysql_stmt_errno]: 1449	[mysql_stmt_sqlstate]: HY000	[statemnt]: CALL deleteOldGangs
[13:51:41:859537 +11:00] [Thread 6452] extDB2: SQL_RAW_V2: Error StatementException: SQL: CALL deleteOldGangs
[13:51:41:859503 +11:00] [Thread 10212] extDB2: SQL_RAW_V2: Error StatementException: MySQL: [MySQL]: [Comment]: mysql_stmt_execute error	[mysql_stmt_error]: The user specified as a definer ('altislife'@'localhost') does not exist	[mysql_stmt_errno]: 1449	[mysql_stmt_sqlstate]: HY000	[statemnt]: CALL deleteOldHouses
[13:51:41:859570 +11:00] [Thread 10212] extDB2: SQL_RAW_V2: Error StatementException: SQL: CALL deleteOldHouses
[13:51:41:859589 +11:00] [Thread 2224] extDB2: SQL_RAW_V2: Error StatementException: MySQL: [MySQL]: [Comment]: mysql_stmt_execute error	[mysql_stmt_error]: The user specified as a definer ('altislife'@'localhost') does not exist	[mysql_stmt_errno]: 1449	[mysql_stmt_sqlstate]: HY000	[statemnt]: CALL deleteDeadVehicles
[13:51:41:859602 +11:00] [Thread 2224] extDB2: SQL_RAW_V2: Error StatementException: SQL: CALL deleteDeadVehicles
[13:51:41:859670 +11:00] [Thread 9136] extDB2: SQL_RAW_V2: Error StatementException: MySQL: [MySQL]: [Comment]: mysql_stmt_execute error	[mysql_stmt_error]: The user specified as a definer ('altislife'@'localhost') does not exist	[mysql_stmt_errno]: 1449	[mysql_stmt_sqlstate]: HY000	[statemnt]: CALL resetLifeVehicles
[13:51:41:859681 +11:00] [Thread 9136] extDB2: SQL_RAW_V2: Error StatementException: SQL: CALL resetLifeVehicles
[13:53:28:119944 +11:00] [Thread 2784] extDB2: Stopping ...
