extDB2: Version: 71
extDB2: https://github.com/Torndeco/extDB2
extDB2: Windows Version
Message: All development for extDB2 is done on a Linux Dedicated Server
Message: If you would like to Donate to extDB2 Development
Message: https://www.paypal.com/cgi-bin/webscr?cmd=_s-xclick&hosted_button_id=2SUEFTGABTAM2
Message: Also leave a message if there is any particular feature you would like to see added.
Message: Thanks for all the people that have donated.
Message: Torndeco: 20/02/15


extDB2: Found extdb-conf.ini
extDB2: Detected 4 Cores, Setting up 4 Worker Threads


[15:16:27:910106 +11:00] [Thread 2212] extDB2: Database Type: MySQL
[15:16:27:958882 +11:00] [Thread 2212] extDB2: Database Session Pool Started
[15:16:27:968277 +11:00] [Thread 2212] extDB2: SQL_RAW_V2: Initialized: ADD_QUOTES True
[15:16:27:999791 +11:00] [Thread 1460] extDB2: SQL_RAW_V2: Error StatementException: MySQL: [MySQL]: [Comment]: mysql_stmt_execute error	[mysql_stmt_error]: The user specified as a definer ('altislife'@'localhost') does not exist	[mysql_stmt_errno]: 1449	[mysql_stmt_sqlstate]: HY000	[statemnt]: CALL deleteOldHouses
[15:16:27:999834 +11:00] [Thread 1460] extDB2: SQL_RAW_V2: Error StatementException: SQL: CALL deleteOldHouses
[15:16:28:000183 +11:00] [Thread 10304] extDB2: SQL_RAW_V2: Error StatementException: MySQL: [MySQL]: [Comment]: mysql_stmt_execute error	[mysql_stmt_error]: The user specified as a definer ('altislife'@'localhost') does not exist	[mysql_stmt_errno]: 1449	[mysql_stmt_sqlstate]: HY000	[statemnt]: CALL resetLifeVehicles
[15:16:28:000229 +11:00] [Thread 10304] extDB2: SQL_RAW_V2: Error StatementException: SQL: CALL resetLifeVehicles
[15:16:28:000209 +11:00] [Thread 10676] extDB2: SQL_RAW_V2: Error StatementException: MySQL: [MySQL]: [Comment]: mysql_stmt_execute error	[mysql_stmt_error]: The user specified as a definer ('altislife'@'localhost') does not exist	[mysql_stmt_errno]: 1449	[mysql_stmt_sqlstate]: HY000	[statemnt]: CALL deleteOldGangs
[15:16:28:000259 +11:00] [Thread 10676] extDB2: SQL_RAW_V2: Error StatementException: SQL: CALL deleteOldGangs
[15:16:28:000411 +11:00] [Thread 1144] extDB2: SQL_RAW_V2: Error StatementException: MySQL: [MySQL]: [Comment]: mysql_stmt_execute error	[mysql_stmt_error]: The user specified as a definer ('altislife'@'localhost') does not exist	[mysql_stmt_errno]: 1449	[mysql_stmt_sqlstate]: HY000	[statemnt]: CALL deleteDeadVehicles
[15:16:28:000435 +11:00] [Thread 1144] extDB2: SQL_RAW_V2: Error StatementException: SQL: CALL deleteDeadVehicles
[15:22:58:568896 +11:00] [Thread 2212] extDB2: Stopping ...
