extDB2: Version: 71
extDB2: https://github.com/Torndeco/extDB2
extDB2: Windows Version
Message: All development for extDB2 is done on a Linux Dedicated Server
Message: If you would like to Donate to extDB2 Development
Message: https://www.paypal.com/cgi-bin/webscr?cmd=_s-xclick&hosted_button_id=2SUEFTGABTAM2
Message: Also leave a message if there is any particular feature you would like to see added.
Message: Thanks for all the people that have donated.
Message: Torndeco: 20/02/15


extDB2: Found extdb-conf.ini
extDB2: Detected 4 Cores, Setting up 4 Worker Threads


[15:44:14:501052 +11:00] [Thread 5052] extDB2: Database Type: MySQL
[15:44:14:508208 +11:00] [Thread 5052] extDB2: Database Session Pool Started
[15:44:14:508956 +11:00] [Thread 5052] extDB2: SQL_RAW_V2: Initialized: ADD_QUOTES True
[15:44:14:511396 +11:00] [Thread 10652] extDB2: SQL_RAW_V2: Error StatementException: MySQL: [MySQL]: [Comment]: mysql_stmt_execute error	[mysql_stmt_error]: The user specified as a definer ('altislife'@'localhost') does not exist	[mysql_stmt_errno]: 1449	[mysql_stmt_sqlstate]: HY000	[statemnt]: CALL resetLifeVehicles
[15:44:14:511455 +11:00] [Thread 10652] extDB2: SQL_RAW_V2: Error StatementException: SQL: CALL resetLifeVehicles
[15:44:14:512077 +11:00] [Thread 5384] extDB2: SQL_RAW_V2: Error StatementException: MySQL: [MySQL]: [Comment]: mysql_stmt_execute error	[mysql_stmt_error]: The user specified as a definer ('altislife'@'localhost') does not exist	[mysql_stmt_errno]: 1449	[mysql_stmt_sqlstate]: HY000	[statemnt]: CALL deleteDeadVehicles
[15:44:14:512114 +11:00] [Thread 5384] extDB2: SQL_RAW_V2: Error StatementException: SQL: CALL deleteDeadVehicles
[15:44:14:512334 +11:00] [Thread 4540] extDB2: SQL_RAW_V2: Error StatementException: MySQL: [MySQL]: [Comment]: mysql_stmt_execute error	[mysql_stmt_error]: The user specified as a definer ('altislife'@'localhost') does not exist	[mysql_stmt_errno]: 1449	[mysql_stmt_sqlstate]: HY000	[statemnt]: CALL deleteOldHouses
[15:44:14:512351 +11:00] [Thread 4540] extDB2: SQL_RAW_V2: Error StatementException: SQL: CALL deleteOldHouses
[15:44:14:512766 +11:00] [Thread 3980] extDB2: SQL_RAW_V2: Error StatementException: MySQL: [MySQL]: [Comment]: mysql_stmt_execute error	[mysql_stmt_error]: The user specified as a definer ('altislife'@'localhost') does not exist	[mysql_stmt_errno]: 1449	[mysql_stmt_sqlstate]: HY000	[statemnt]: CALL deleteOldGangs
[15:44:14:512791 +11:00] [Thread 3980] extDB2: SQL_RAW_V2: Error StatementException: SQL: CALL deleteOldGangs
[15:49:41:837795 +11:00] [Thread 5052] extDB2: Stopping ...
