extDB2: Version: 71
extDB2: https://github.com/Torndeco/extDB2
extDB2: Windows Version
Message: All development for extDB2 is done on a Linux Dedicated Server
Message: If you would like to Donate to extDB2 Development
Message: https://www.paypal.com/cgi-bin/webscr?cmd=_s-xclick&hosted_button_id=2SUEFTGABTAM2
Message: Also leave a message if there is any particular feature you would like to see added.
Message: Thanks for all the people that have donated.
Message: Torndeco: 20/02/15


extDB2: Found extdb-conf.ini
extDB2: Detected 4 Cores, Setting up 4 Worker Threads


[15:42:04:658731 +11:00] [Thread 6288] extDB2: Database Type: MySQL
[15:42:04:699326 +11:00] [Thread 6288] extDB2: Database Session Pool Started
[15:42:04:702121 +11:00] [Thread 6288] extDB2: SQL_RAW_V2: Initialized: ADD_QUOTES True
[15:42:04:713264 +11:00] [Thread 8768] extDB2: SQL_RAW_V2: Error StatementException: MySQL: [MySQL]: [Comment]: mysql_stmt_execute error	[mysql_stmt_error]: The user specified as a definer ('altislife'@'localhost') does not exist	[mysql_stmt_errno]: 1449	[mysql_stmt_sqlstate]: HY000	[statemnt]: CALL deleteOldGangs
[15:42:04:713299 +11:00] [Thread 8768] extDB2: SQL_RAW_V2: Error StatementException: SQL: CALL deleteOldGangs
[15:42:04:713271 +11:00] [Thread 1924] extDB2: SQL_RAW_V2: Error StatementException: MySQL: [MySQL]: [Comment]: mysql_stmt_execute error	[mysql_stmt_error]: The user specified as a definer ('altislife'@'localhost') does not exist	[mysql_stmt_errno]: 1449	[mysql_stmt_sqlstate]: HY000	[statemnt]: CALL deleteOldHouses
[15:42:04:713330 +11:00] [Thread 1924] extDB2: SQL_RAW_V2: Error StatementException: SQL: CALL deleteOldHouses
[15:42:04:713350 +11:00] [Thread 3648] extDB2: SQL_RAW_V2: Error StatementException: MySQL: [MySQL]: [Comment]: mysql_stmt_execute error	[mysql_stmt_error]: The user specified as a definer ('altislife'@'localhost') does not exist	[mysql_stmt_errno]: 1449	[mysql_stmt_sqlstate]: HY000	[statemnt]: CALL resetLifeVehicles
[15:42:04:713357 +11:00] [Thread 3648] extDB2: SQL_RAW_V2: Error StatementException: SQL: CALL resetLifeVehicles
[15:42:04:713397 +11:00] [Thread 7040] extDB2: SQL_RAW_V2: Error StatementException: MySQL: [MySQL]: [Comment]: mysql_stmt_execute error	[mysql_stmt_error]: The user specified as a definer ('altislife'@'localhost') does not exist	[mysql_stmt_errno]: 1449	[mysql_stmt_sqlstate]: HY000	[statemnt]: CALL deleteDeadVehicles
[15:42:04:713408 +11:00] [Thread 7040] extDB2: SQL_RAW_V2: Error StatementException: SQL: CALL deleteDeadVehicles
[15:42:14:042218 +11:00] [Thread 6288] extDB2: Stopping ...
