extDB2: Version: 71
extDB2: https://github.com/Torndeco/extDB2
extDB2: Windows Version
Message: All development for extDB2 is done on a Linux Dedicated Server
Message: If you would like to Donate to extDB2 Development
Message: https://www.paypal.com/cgi-bin/webscr?cmd=_s-xclick&hosted_button_id=2SUEFTGABTAM2
Message: Also leave a message if there is any particular feature you would like to see added.
Message: Thanks for all the people that have donated.
Message: Torndeco: 20/02/15


extDB2: Found extdb-conf.ini
extDB2: Detected 4 Cores, Setting up 4 Worker Threads


[17:14:24:027669 +11:00] [Thread 9548] extDB2: Database Type: MySQL
[17:14:24:050610 +11:00] [Thread 9548] extDB2: Database Session Pool Started
[17:14:24:058378 +11:00] [Thread 9548] extDB2: SQL_RAW_V2: Initialized: ADD_QUOTES True
[17:14:24:073573 +11:00] [Thread 9956] extDB2: SQL_RAW_V2: Error StatementException: MySQL: [MySQL]: [Comment]: mysql_stmt_execute error	[mysql_stmt_error]: The user specified as a definer ('altislife'@'localhost') does not exist	[mysql_stmt_errno]: 1449	[mysql_stmt_sqlstate]: HY000	[statemnt]: CALL deleteOldGangs
[17:14:24:073605 +11:00] [Thread 9956] extDB2: SQL_RAW_V2: Error StatementException: SQL: CALL deleteOldGangs
[17:14:24:073573 +11:00] [Thread 7344] extDB2: SQL_RAW_V2: Error StatementException: MySQL: [MySQL]: [Comment]: mysql_stmt_execute error	[mysql_stmt_error]: The user specified as a definer ('altislife'@'localhost') does not exist	[mysql_stmt_errno]: 1449	[mysql_stmt_sqlstate]: HY000	[statemnt]: CALL deleteOldHouses
[17:14:24:073629 +11:00] [Thread 7344] extDB2: SQL_RAW_V2: Error StatementException: SQL: CALL deleteOldHouses
[17:14:24:073573 +11:00] [Thread 2872] extDB2: SQL_RAW_V2: Error StatementException: MySQL: [MySQL]: [Comment]: mysql_stmt_execute error	[mysql_stmt_error]: The user specified as a definer ('altislife'@'localhost') does not exist	[mysql_stmt_errno]: 1449	[mysql_stmt_sqlstate]: HY000	[statemnt]: CALL resetLifeVehicles
[17:14:24:073653 +11:00] [Thread 2872] extDB2: SQL_RAW_V2: Error StatementException: SQL: CALL resetLifeVehicles
[17:14:24:073973 +11:00] [Thread 1332] extDB2: SQL_RAW_V2: Error StatementException: MySQL: [MySQL]: [Comment]: mysql_stmt_execute error	[mysql_stmt_error]: The user specified as a definer ('altislife'@'localhost') does not exist	[mysql_stmt_errno]: 1449	[mysql_stmt_sqlstate]: HY000	[statemnt]: CALL deleteDeadVehicles
[17:14:24:073990 +11:00] [Thread 1332] extDB2: SQL_RAW_V2: Error StatementException: SQL: CALL deleteDeadVehicles
[17:15:43:127993 +11:00] [Thread 9548] extDB2: Stopping ...
