extDB2: Version: 71
extDB2: https://github.com/Torndeco/extDB2
extDB2: Windows Version
Message: All development for extDB2 is done on a Linux Dedicated Server
Message: If you would like to Donate to extDB2 Development
Message: https://www.paypal.com/cgi-bin/webscr?cmd=_s-xclick&hosted_button_id=2SUEFTGABTAM2
Message: Also leave a message if there is any particular feature you would like to see added.
Message: Thanks for all the people that have donated.
Message: Torndeco: 20/02/15


extDB2: Found extdb-conf.ini
extDB2: Detected 4 Cores, Setting up 4 Worker Threads


[19:31:34:227130 +11:00] [Thread 4804] extDB2: Database Type: MySQL
[19:31:34:254485 +11:00] [Thread 4804] extDB2: Database Session Pool Started
[19:31:34:275911 +11:00] [Thread 4804] extDB2: SQL_RAW_V2: Initialized: ADD_QUOTES True
[19:31:34:286276 +11:00] [Thread 328] extDB2: SQL_RAW_V2: Error StatementException: MySQL: [MySQL]: [Comment]: mysql_stmt_execute error	[mysql_stmt_error]: The user specified as a definer ('altislife'@'localhost') does not exist	[mysql_stmt_errno]: 1449	[mysql_stmt_sqlstate]: HY000	[statemnt]: CALL resetLifeVehicles
[19:31:34:286333 +11:00] [Thread 328] extDB2: SQL_RAW_V2: Error StatementException: SQL: CALL resetLifeVehicles
[19:31:34:286481 +11:00] [Thread 1332] extDB2: SQL_RAW_V2: Error StatementException: MySQL: [MySQL]: [Comment]: mysql_stmt_execute error	[mysql_stmt_error]: The user specified as a definer ('altislife'@'localhost') does not exist	[mysql_stmt_errno]: 1449	[mysql_stmt_sqlstate]: HY000	[statemnt]: CALL deleteOldHouses
[19:31:34:286495 +11:00] [Thread 1332] extDB2: SQL_RAW_V2: Error StatementException: SQL: CALL deleteOldHouses
[19:31:34:286533 +11:00] [Thread 8556] extDB2: SQL_RAW_V2: Error StatementException: MySQL: [MySQL]: [Comment]: mysql_stmt_execute error	[mysql_stmt_error]: The user specified as a definer ('altislife'@'localhost') does not exist	[mysql_stmt_errno]: 1449	[mysql_stmt_sqlstate]: HY000	[statemnt]: CALL deleteDeadVehicles
[19:31:34:286541 +11:00] [Thread 8556] extDB2: SQL_RAW_V2: Error StatementException: SQL: CALL deleteDeadVehicles
[19:31:34:286594 +11:00] [Thread 1556] extDB2: SQL_RAW_V2: Error StatementException: MySQL: [MySQL]: [Comment]: mysql_stmt_execute error	[mysql_stmt_error]: The user specified as a definer ('altislife'@'localhost') does not exist	[mysql_stmt_errno]: 1449	[mysql_stmt_sqlstate]: HY000	[statemnt]: CALL deleteOldGangs
[19:31:34:286683 +11:00] [Thread 1556] extDB2: SQL_RAW_V2: Error StatementException: SQL: CALL deleteOldGangs
[19:33:00:791090 +11:00] [Thread 4804] extDB2: Stopping ...
