extDB2: Version: 71
extDB2: https://github.com/Torndeco/extDB2
extDB2: Windows Version
Message: All development for extDB2 is done on a Linux Dedicated Server
Message: If you would like to Donate to extDB2 Development
Message: https://www.paypal.com/cgi-bin/webscr?cmd=_s-xclick&hosted_button_id=2SUEFTGABTAM2
Message: Also leave a message if there is any particular feature you would like to see added.
Message: Thanks for all the people that have donated.
Message: Torndeco: 20/02/15


extDB2: Found extdb-conf.ini
extDB2: Detected 4 Cores, Setting up 4 Worker Threads


[19:44:24:709538 +11:00] [Thread 1068] extDB2: Database Type: MySQL
[19:44:24:747372 +11:00] [Thread 1068] extDB2: Database Session Pool Started
[19:44:24:754940 +11:00] [Thread 1068] extDB2: SQL_RAW_V2: Initialized: ADD_QUOTES True
[19:44:24:772942 +11:00] [Thread 5704] extDB2: SQL_RAW_V2: Error StatementException: MySQL: [MySQL]: [Comment]: mysql_stmt_execute error	[mysql_stmt_error]: The user specified as a definer ('altislife'@'localhost') does not exist	[mysql_stmt_errno]: 1449	[mysql_stmt_sqlstate]: HY000	[statemnt]: CALL resetLifeVehicles
[19:44:24:772980 +11:00] [Thread 5704] extDB2: SQL_RAW_V2: Error StatementException: SQL: CALL resetLifeVehicles
[19:44:24:772954 +11:00] [Thread 4320] extDB2: SQL_RAW_V2: Error StatementException: MySQL: [MySQL]: [Comment]: mysql_stmt_execute error	[mysql_stmt_error]: The user specified as a definer ('altislife'@'localhost') does not exist	[mysql_stmt_errno]: 1449	[mysql_stmt_sqlstate]: HY000	[statemnt]: CALL deleteOldGangs
[19:44:24:773013 +11:00] [Thread 4320] extDB2: SQL_RAW_V2: Error StatementException: SQL: CALL deleteOldGangs
[19:44:24:773099 +11:00] [Thread 3608] extDB2: SQL_RAW_V2: Error StatementException: MySQL: [MySQL]: [Comment]: mysql_stmt_execute error	[mysql_stmt_error]: The user specified as a definer ('altislife'@'localhost') does not exist	[mysql_stmt_errno]: 1449	[mysql_stmt_sqlstate]: HY000	[statemnt]: CALL deleteDeadVehicles
[19:44:24:773110 +11:00] [Thread 3608] extDB2: SQL_RAW_V2: Error StatementException: SQL: CALL deleteDeadVehicles
[19:44:24:773099 +11:00] [Thread 4156] extDB2: SQL_RAW_V2: Error StatementException: MySQL: [MySQL]: [Comment]: mysql_stmt_execute error	[mysql_stmt_error]: The user specified as a definer ('altislife'@'localhost') does not exist	[mysql_stmt_errno]: 1449	[mysql_stmt_sqlstate]: HY000	[statemnt]: CALL deleteOldHouses
[19:44:24:773136 +11:00] [Thread 4156] extDB2: SQL_RAW_V2: Error StatementException: SQL: CALL deleteOldHouses
