extDB2: Version: 71
extDB2: https://github.com/Torndeco/extDB2
extDB2: Windows Version
Message: All development for extDB2 is done on a Linux Dedicated Server
Message: If you would like to Donate to extDB2 Development
Message: https://www.paypal.com/cgi-bin/webscr?cmd=_s-xclick&hosted_button_id=2SUEFTGABTAM2
Message: Also leave a message if there is any particular feature you would like to see added.
Message: Thanks for all the people that have donated.
Message: Torndeco: 20/02/15


extDB2: Found extdb-conf.ini
extDB2: Detected 4 Cores, Setting up 4 Worker Threads


[21:11:46:504966 +11:00] [Thread 5448] extDB2: Database Type: MySQL
[21:11:46:566381 +11:00] [Thread 5448] extDB2: Database Session Pool Started
[21:11:46:573515 +11:00] [Thread 5448] extDB2: SQL_RAW_V2: Initialized: ADD_QUOTES True
[21:11:46:627832 +11:00] [Thread 9476] extDB2: SQL_RAW_V2: Error StatementException: MySQL: [MySQL]: [Comment]: mysql_stmt_execute error	[mysql_stmt_error]: The user specified as a definer ('altislife'@'localhost') does not exist	[mysql_stmt_errno]: 1449	[mysql_stmt_sqlstate]: HY000	[statemnt]: CALL deleteOldHouses
[21:11:46:627865 +11:00] [Thread 9476] extDB2: SQL_RAW_V2: Error StatementException: SQL: CALL deleteOldHouses
[21:11:46:627832 +11:00] [Thread 9532] extDB2: SQL_RAW_V2: Error StatementException: MySQL: [MySQL]: [Comment]: mysql_stmt_execute error	[mysql_stmt_error]: The user specified as a definer ('altislife'@'localhost') does not exist	[mysql_stmt_errno]: 1449	[mysql_stmt_sqlstate]: HY000	[statemnt]: CALL deleteDeadVehicles
[21:11:46:627891 +11:00] [Thread 9532] extDB2: SQL_RAW_V2: Error StatementException: SQL: CALL deleteDeadVehicles
[21:11:46:627885 +11:00] [Thread 7832] extDB2: SQL_RAW_V2: Error StatementException: MySQL: [MySQL]: [Comment]: mysql_stmt_execute error	[mysql_stmt_error]: The user specified as a definer ('altislife'@'localhost') does not exist	[mysql_stmt_errno]: 1449	[mysql_stmt_sqlstate]: HY000	[statemnt]: CALL deleteOldGangs
[21:11:46:627908 +11:00] [Thread 7832] extDB2: SQL_RAW_V2: Error StatementException: SQL: CALL deleteOldGangs
[21:11:46:627832 +11:00] [Thread 1036] extDB2: SQL_RAW_V2: Error StatementException: MySQL: [MySQL]: [Comment]: mysql_stmt_execute error	[mysql_stmt_error]: The user specified as a definer ('altislife'@'localhost') does not exist	[mysql_stmt_errno]: 1449	[mysql_stmt_sqlstate]: HY000	[statemnt]: CALL resetLifeVehicles
[21:11:46:627943 +11:00] [Thread 1036] extDB2: SQL_RAW_V2: Error StatementException: SQL: CALL resetLifeVehicles
[21:16:29:716310 +11:00] [Thread 5448] extDB2: Stopping ...
