extDB2: Version: 71
extDB2: https://github.com/Torndeco/extDB2
extDB2: Windows Version
Message: All development for extDB2 is done on a Linux Dedicated Server
Message: If you would like to Donate to extDB2 Development
Message: https://www.paypal.com/cgi-bin/webscr?cmd=_s-xclick&hosted_button_id=2SUEFTGABTAM2
Message: Also leave a message if there is any particular feature you would like to see added.
Message: Thanks for all the people that have donated.
Message: Torndeco: 20/02/15


extDB2: Found extdb-conf.ini
extDB2: Detected 4 Cores, Setting up 4 Worker Threads


[21:29:54:948933 +11:00] [Thread 9856] extDB2: Database Type: MySQL
[21:29:54:965348 +11:00] [Thread 9856] extDB2: Database Session Pool Started
[21:29:54:968423 +11:00] [Thread 9856] extDB2: SQL_RAW_V2: Initialized: ADD_QUOTES True
[21:29:54:970977 +11:00] [Thread 9592] extDB2: SQL_RAW_V2: Error StatementException: MySQL: [MySQL]: [Comment]: mysql_stmt_execute error	[mysql_stmt_error]: The user specified as a definer ('altislife'@'localhost') does not exist	[mysql_stmt_errno]: 1449	[mysql_stmt_sqlstate]: HY000	[statemnt]: CALL resetLifeVehicles
[21:29:54:971024 +11:00] [Thread 9592] extDB2: SQL_RAW_V2: Error StatementException: SQL: CALL resetLifeVehicles
[21:29:54:972322 +11:00] [Thread 9480] extDB2: SQL_RAW_V2: Error StatementException: MySQL: [MySQL]: [Comment]: mysql_stmt_execute error	[mysql_stmt_error]: The user specified as a definer ('altislife'@'localhost') does not exist	[mysql_stmt_errno]: 1449	[mysql_stmt_sqlstate]: HY000	[statemnt]: CALL deleteDeadVehicles
[21:29:54:972353 +11:00] [Thread 9480] extDB2: SQL_RAW_V2: Error StatementException: SQL: CALL deleteDeadVehicles
[21:29:54:972748 +11:00] [Thread 4676] extDB2: SQL_RAW_V2: Error StatementException: MySQL: [MySQL]: [Comment]: mysql_stmt_execute error	[mysql_stmt_error]: The user specified as a definer ('altislife'@'localhost') does not exist	[mysql_stmt_errno]: 1449	[mysql_stmt_sqlstate]: HY000	[statemnt]: CALL deleteOldHouses
[21:29:54:972769 +11:00] [Thread 4676] extDB2: SQL_RAW_V2: Error StatementException: SQL: CALL deleteOldHouses
[21:29:54:983313 +11:00] [Thread 7512] extDB2: SQL_RAW_V2: Error StatementException: MySQL: [MySQL]: [Comment]: mysql_stmt_execute error	[mysql_stmt_error]: The user specified as a definer ('altislife'@'localhost') does not exist	[mysql_stmt_errno]: 1449	[mysql_stmt_sqlstate]: HY000	[statemnt]: CALL deleteOldGangs
[21:29:54:983373 +11:00] [Thread 7512] extDB2: SQL_RAW_V2: Error StatementException: SQL: CALL deleteOldGangs
[21:32:01:852766 +11:00] [Thread 9856] extDB2: Stopping ...
