extDB2: Version: 71
extDB2: https://github.com/Torndeco/extDB2
extDB2: Windows Version
Message: All development for extDB2 is done on a Linux Dedicated Server
Message: If you would like to Donate to extDB2 Development
Message: https://www.paypal.com/cgi-bin/webscr?cmd=_s-xclick&hosted_button_id=2SUEFTGABTAM2
Message: Also leave a message if there is any particular feature you would like to see added.
Message: Thanks for all the people that have donated.
Message: Torndeco: 20/02/15


extDB2: Found extdb-conf.ini
extDB2: Detected 4 Cores, Setting up 4 Worker Threads


[18:26:26:038017 +11:00] [Thread 6436] extDB2: Database Type: MySQL
[18:26:26:090906 +11:00] [Thread 6436] extDB2: Database Session Pool Started
[18:26:26:097714 +11:00] [Thread 6436] extDB2: SQL_RAW_V2: Initialized: ADD_QUOTES True
[18:26:26:132021 +11:00] [Thread 7288] extDB2: SQL_RAW_V2: Error StatementException: MySQL: [MySQL]: [Comment]: mysql_stmt_execute error	[mysql_stmt_error]: The user specified as a definer ('altislife'@'localhost') does not exist	[mysql_stmt_errno]: 1449	[mysql_stmt_sqlstate]: HY000	[statemnt]: CALL deleteOldHouses
[18:26:26:132067 +11:00] [Thread 7288] extDB2: SQL_RAW_V2: Error StatementException: SQL: CALL deleteOldHouses
[18:26:26:132062 +11:00] [Thread 6072] extDB2: SQL_RAW_V2: Error StatementException: MySQL: [MySQL]: [Comment]: mysql_stmt_execute error	[mysql_stmt_error]: The user specified as a definer ('altislife'@'localhost') does not exist	[mysql_stmt_errno]: 1449	[mysql_stmt_sqlstate]: HY000	[statemnt]: CALL deleteOldGangs
[18:26:26:132093 +11:00] [Thread 6072] extDB2: SQL_RAW_V2: Error StatementException: SQL: CALL deleteOldGangs
[18:26:26:132050 +11:00] [Thread 3212] extDB2: SQL_RAW_V2: Error StatementException: MySQL: [MySQL]: [Comment]: mysql_stmt_execute error	[mysql_stmt_error]: The user specified as a definer ('altislife'@'localhost') does not exist	[mysql_stmt_errno]: 1449	[mysql_stmt_sqlstate]: HY000	[statemnt]: CALL resetLifeVehicles
[18:26:26:132116 +11:00] [Thread 3212] extDB2: SQL_RAW_V2: Error StatementException: SQL: CALL resetLifeVehicles
[18:26:26:132083 +11:00] [Thread 5608] extDB2: SQL_RAW_V2: Error StatementException: MySQL: [MySQL]: [Comment]: mysql_stmt_execute error	[mysql_stmt_error]: The user specified as a definer ('altislife'@'localhost') does not exist	[mysql_stmt_errno]: 1449	[mysql_stmt_sqlstate]: HY000	[statemnt]: CALL deleteDeadVehicles
[18:26:26:132134 +11:00] [Thread 5608] extDB2: SQL_RAW_V2: Error StatementException: SQL: CALL deleteDeadVehicles
[18:30:13:147202 +11:00] [Thread 6436] extDB2: Stopping ...
